<?xml version="1.0" encoding="UTF-8"?>
<testsuite xmlns:xsi="http://www.w3.org/2001/XMLSchema-instance" xsi:noNamespaceSchemaLocation="https://maven.apache.org/surefire/maven-surefire-plugin/xsd/surefire-test-report.xsd" name="ru.netology.domain.MovieManagerTest" time="0.191" tests="4" errors="0" skipped="0" failures="0">
  <properties>
[...]
</properties>
  <testcase name="shouldGetCurrentFilmsDefaultManager" classname="ru.netology.domain.MovieManagerTest" time="0.102"/>
  <testcase name="shouldAddedMovie" classname="ru.netology.domain.MovieManagerTest" time="0.007"/>
  <testcase name="shouldShowEmpty" classname="ru.netology.domain.MovieManagerTest" time="0"/>
  <testcase name="shouldGetCurrentFilms" classname="ru.netology.domain.MovieManagerTest" time="0"/>
</testsuite>